[2023-06-20 21:43:29,338] {taskinstance.py:1043} INFO - Dependencies all met for <TaskInstance: minio_sensor_v1.minio_sensor_s3 manual__2023-06-20T21:43:28.072418+00:00 [queued]>
[2023-06-20 21:43:29,350] {taskinstance.py:1043} INFO - Dependencies all met for <TaskInstance: minio_sensor_v1.minio_sensor_s3 manual__2023-06-20T21:43:28.072418+00:00 [queued]>
[2023-06-20 21:43:29,351] {taskinstance.py:1249} INFO - 
--------------------------------------------------------------------------------
[2023-06-20 21:43:29,352] {taskinstance.py:1250} INFO - Starting attempt 1 of 1
[2023-06-20 21:43:29,353] {taskinstance.py:1251} INFO - 
--------------------------------------------------------------------------------
[2023-06-20 21:43:29,363] {taskinstance.py:1270} INFO - Executing <Task(S3KeySensor): minio_sensor_s3> on 2023-06-20 21:43:28.072418+00:00
[2023-06-20 21:43:29,368] {standard_task_runner.py:52} INFO - Started process 1068 to run task
[2023-06-20 21:43:29,373] {standard_task_runner.py:79} INFO - Running: ['***', 'tasks', 'run', 'minio_sensor_v1', 'minio_sensor_s3', 'manual__2023-06-20T21:43:28.072418+00:00', '--job-id', '8', '--raw', '--subdir', 'DAGS_FOLDER/dag_with_minio.py', '--cfg-path', '/tmp/tmpylmtpb_m', '--error-file', '/tmp/tmpolun_c1h']
[2023-06-20 21:43:29,380] {standard_task_runner.py:80} INFO - Job 8: Subtask minio_sensor_s3
[2023-06-20 21:43:29,442] {logging_mixin.py:109} INFO - Running <TaskInstance: minio_sensor_v1.minio_sensor_s3 manual__2023-06-20T21:43:28.072418+00:00 [running]> on host 4772b5dcfc1f
[2023-06-20 21:43:29,494] {taskinstance.py:1448} INFO - Exporting the following env vars:
AIRFLOW_CTX_DAG_OWNER=Servin
AIRFLOW_CTX_DAG_ID=minio_sensor_v1
AIRFLOW_CTX_TASK_ID=minio_sensor_s3
AIRFLOW_CTX_EXECUTION_DATE=2023-06-20T21:43:28.072418+00:00
AIRFLOW_CTX_DAG_RUN_ID=manual__2023-06-20T21:43:28.072418+00:00
[2023-06-20 21:43:29,496] {s3.py:105} INFO - Poking for key : s3://***/data.csv
[2023-06-20 21:43:29,507] {base_aws.py:194} INFO - Credentials retrieved from extra_config
[2023-06-20 21:43:29,571] {base.py:251} INFO - Success criteria met. Exiting.
[2023-06-20 21:43:29,583] {taskinstance.py:1288} INFO - Marking task as SUCCESS. dag_id=minio_sensor_v1, task_id=minio_sensor_s3, execution_date=20230620T214328, start_date=20230620T214329, end_date=20230620T214329
[2023-06-20 21:43:29,626] {local_task_job.py:154} INFO - Task exited with return code 0
[2023-06-20 21:43:29,655] {local_task_job.py:264} INFO - 0 downstream tasks scheduled from follow-on schedule check
