[2023-06-17 20:49:50,662] {taskinstance.py:851} INFO - Dependencies all met for <TaskInstance: task_flow_api.greet 2023-06-16T00:00:00+00:00 [queued]>
[2023-06-17 20:49:50,676] {taskinstance.py:851} INFO - Dependencies all met for <TaskInstance: task_flow_api.greet 2023-06-16T00:00:00+00:00 [queued]>
[2023-06-17 20:49:50,677] {taskinstance.py:1042} INFO - 
--------------------------------------------------------------------------------
[2023-06-17 20:49:50,678] {taskinstance.py:1043} INFO - Starting attempt 1 of 1
[2023-06-17 20:49:50,678] {taskinstance.py:1044} INFO - 
--------------------------------------------------------------------------------
[2023-06-17 20:49:50,685] {taskinstance.py:1063} INFO - Executing <Task(_PythonDecoratedOperator): greet> on 2023-06-16T00:00:00+00:00
[2023-06-17 20:49:50,688] {standard_task_runner.py:52} INFO - Started process 825 to run task
[2023-06-17 20:49:50,692] {standard_task_runner.py:76} INFO - Running: ['airflow', 'tasks', 'run', 'task_flow_api', 'greet', '2023-06-16T00:00:00+00:00', '--job-id', '4', '--pool', 'default_pool', '--raw', '--subdir', 'DAGS_FOLDER/dag_with_taskflow_api.py', '--cfg-path', '/tmp/tmpbf2z4kgb', '--error-file', '/tmp/tmpqhe0e97_']
[2023-06-17 20:49:50,696] {standard_task_runner.py:77} INFO - Job 4: Subtask greet
[2023-06-17 20:49:50,742] {logging_mixin.py:104} INFO - Running <TaskInstance: task_flow_api.greet 2023-06-16T00:00:00+00:00 [running]> on host 7a0b2641fd5a
[2023-06-17 20:49:50,805] {taskinstance.py:1257} INFO - Exporting the following env vars:
AIRFLOW_CTX_DAG_OWNER=Servin
AIRFLOW_CTX_DAG_ID=task_flow_api
AIRFLOW_CTX_TASK_ID=greet
AIRFLOW_CTX_EXECUTION_DATE=2023-06-16T00:00:00+00:00
AIRFLOW_CTX_DAG_RUN_ID=scheduled__2023-06-16T00:00:00+00:00
[2023-06-17 20:49:50,807] {logging_mixin.py:104} INFO - Hello world, my name is 19 and I am 19 years old!
[2023-06-17 20:49:50,819] {taskinstance.py:1166} INFO - Marking task as SUCCESS. dag_id=task_flow_api, task_id=greet, execution_date=20230616T000000, start_date=20230617T204950, end_date=20230617T204950
[2023-06-17 20:49:50,850] {taskinstance.py:1220} INFO - 0 downstream tasks scheduled from follow-on schedule check
[2023-06-17 20:49:50,864] {local_task_job.py:146} INFO - Task exited with return code 0
