[2023-06-17 20:52:35,067] {taskinstance.py:851} INFO - Dependencies all met for <TaskInstance: task_flow_api.greet 2023-06-16T00:00:00+00:00 [queued]>
[2023-06-17 20:52:35,084] {taskinstance.py:851} INFO - Dependencies all met for <TaskInstance: task_flow_api.greet 2023-06-16T00:00:00+00:00 [queued]>
[2023-06-17 20:52:35,085] {taskinstance.py:1042} INFO - 
--------------------------------------------------------------------------------
[2023-06-17 20:52:35,086] {taskinstance.py:1043} INFO - Starting attempt 2 of 2
[2023-06-17 20:52:35,087] {taskinstance.py:1044} INFO - 
--------------------------------------------------------------------------------
[2023-06-17 20:52:35,096] {taskinstance.py:1063} INFO - Executing <Task(_PythonDecoratedOperator): greet> on 2023-06-16T00:00:00+00:00
[2023-06-17 20:52:35,100] {standard_task_runner.py:52} INFO - Started process 1088 to run task
[2023-06-17 20:52:35,105] {standard_task_runner.py:76} INFO - Running: ['airflow', 'tasks', 'run', 'task_flow_api', 'greet', '2023-06-16T00:00:00+00:00', '--job-id', '8', '--pool', 'default_pool', '--raw', '--subdir', 'DAGS_FOLDER/dag_with_taskflow_api.py', '--cfg-path', '/tmp/tmprqaw2o0o', '--error-file', '/tmp/tmpwxfahwzt']
[2023-06-17 20:52:35,109] {standard_task_runner.py:77} INFO - Job 8: Subtask greet
[2023-06-17 20:52:35,159] {logging_mixin.py:104} INFO - Running <TaskInstance: task_flow_api.greet 2023-06-16T00:00:00+00:00 [running]> on host 7a0b2641fd5a
[2023-06-17 20:52:35,216] {taskinstance.py:1257} INFO - Exporting the following env vars:
AIRFLOW_CTX_DAG_OWNER=Servin
AIRFLOW_CTX_DAG_ID=task_flow_api
AIRFLOW_CTX_TASK_ID=greet
AIRFLOW_CTX_EXECUTION_DATE=2023-06-16T00:00:00+00:00
AIRFLOW_CTX_DAG_RUN_ID=scheduled__2023-06-16T00:00:00+00:00
[2023-06-17 20:52:35,218] {logging_mixin.py:104} INFO - Hello world, my name is Baker and I am 19 years old!
[2023-06-17 20:52:35,227] {taskinstance.py:1166} INFO - Marking task as SUCCESS. dag_id=task_flow_api, task_id=greet, execution_date=20230616T000000, start_date=20230617T205235, end_date=20230617T205235
[2023-06-17 20:52:35,250] {taskinstance.py:1220} INFO - 0 downstream tasks scheduled from follow-on schedule check
[2023-06-17 20:52:35,277] {local_task_job.py:146} INFO - Task exited with return code 0
