[2023-06-17 21:02:09,051] {taskinstance.py:851} INFO - Dependencies all met for <TaskInstance: task_flow_api.greet 2023-06-16T00:00:00+00:00 [queued]>
[2023-06-17 21:02:09,066] {taskinstance.py:851} INFO - Dependencies all met for <TaskInstance: task_flow_api.greet 2023-06-16T00:00:00+00:00 [queued]>
[2023-06-17 21:02:09,068] {taskinstance.py:1042} INFO - 
--------------------------------------------------------------------------------
[2023-06-17 21:02:09,069] {taskinstance.py:1043} INFO - Starting attempt 3 of 3
[2023-06-17 21:02:09,070] {taskinstance.py:1044} INFO - 
--------------------------------------------------------------------------------
[2023-06-17 21:02:09,078] {taskinstance.py:1063} INFO - Executing <Task(_PythonDecoratedOperator): greet> on 2023-06-16T00:00:00+00:00
[2023-06-17 21:02:09,082] {standard_task_runner.py:52} INFO - Started process 1934 to run task
[2023-06-17 21:02:09,087] {standard_task_runner.py:76} INFO - Running: ['airflow', 'tasks', 'run', 'task_flow_api', 'greet', '2023-06-16T00:00:00+00:00', '--job-id', '11', '--pool', 'default_pool', '--raw', '--subdir', 'DAGS_FOLDER/dag_with_taskflow_api.py', '--cfg-path', '/tmp/tmpzr72pip2', '--error-file', '/tmp/tmpghuuhw4w']
[2023-06-17 21:02:09,091] {standard_task_runner.py:77} INFO - Job 11: Subtask greet
[2023-06-17 21:02:09,142] {logging_mixin.py:104} INFO - Running <TaskInstance: task_flow_api.greet 2023-06-16T00:00:00+00:00 [running]> on host 7a0b2641fd5a
[2023-06-17 21:02:09,209] {taskinstance.py:1257} INFO - Exporting the following env vars:
AIRFLOW_CTX_DAG_OWNER=Servin
AIRFLOW_CTX_DAG_ID=task_flow_api
AIRFLOW_CTX_TASK_ID=greet
AIRFLOW_CTX_EXECUTION_DATE=2023-06-16T00:00:00+00:00
AIRFLOW_CTX_DAG_RUN_ID=scheduled__2023-06-16T00:00:00+00:00
[2023-06-17 21:02:09,210] {logging_mixin.py:104} INFO - Hello world, my name is None None and I am 19 years old!
[2023-06-17 21:02:09,221] {taskinstance.py:1166} INFO - Marking task as SUCCESS. dag_id=task_flow_api, task_id=greet, execution_date=20230616T000000, start_date=20230617T210209, end_date=20230617T210209
[2023-06-17 21:02:09,248] {taskinstance.py:1220} INFO - 0 downstream tasks scheduled from follow-on schedule check
[2023-06-17 21:02:09,259] {local_task_job.py:146} INFO - Task exited with return code 0
