[2023-06-17 21:17:08,362] {taskinstance.py:851} INFO - Dependencies all met for <TaskInstance: task_flow_api_v1.greet 2023-06-16T00:00:00+00:00 [queued]>
[2023-06-17 21:17:08,385] {taskinstance.py:851} INFO - Dependencies all met for <TaskInstance: task_flow_api_v1.greet 2023-06-16T00:00:00+00:00 [queued]>
[2023-06-17 21:17:08,387] {taskinstance.py:1042} INFO - 
--------------------------------------------------------------------------------
[2023-06-17 21:17:08,389] {taskinstance.py:1043} INFO - Starting attempt 1 of 1
[2023-06-17 21:17:08,391] {taskinstance.py:1044} INFO - 
--------------------------------------------------------------------------------
[2023-06-17 21:17:08,404] {taskinstance.py:1063} INFO - Executing <Task(_PythonDecoratedOperator): greet> on 2023-06-16T00:00:00+00:00
[2023-06-17 21:17:08,410] {standard_task_runner.py:52} INFO - Started process 3294 to run task
[2023-06-17 21:17:08,417] {standard_task_runner.py:76} INFO - Running: ['airflow', 'tasks', 'run', 'task_flow_api_v1', 'greet', '2023-06-16T00:00:00+00:00', '--job-id', '26', '--pool', 'default_pool', '--raw', '--subdir', 'DAGS_FOLDER/dag_with_taskflow_api.py', '--cfg-path', '/tmp/tmpgud6vqda', '--error-file', '/tmp/tmpk83gh39v']
[2023-06-17 21:17:08,426] {standard_task_runner.py:77} INFO - Job 26: Subtask greet
[2023-06-17 21:17:08,487] {logging_mixin.py:104} INFO - Running <TaskInstance: task_flow_api_v1.greet 2023-06-16T00:00:00+00:00 [running]> on host 7a0b2641fd5a
[2023-06-17 21:17:08,555] {taskinstance.py:1257} INFO - Exporting the following env vars:
AIRFLOW_CTX_DAG_OWNER=Servin
AIRFLOW_CTX_DAG_ID=task_flow_api_v1
AIRFLOW_CTX_TASK_ID=greet
AIRFLOW_CTX_EXECUTION_DATE=2023-06-16T00:00:00+00:00
AIRFLOW_CTX_DAG_RUN_ID=scheduled__2023-06-16T00:00:00+00:00
[2023-06-17 21:17:08,557] {logging_mixin.py:104} INFO - Hello world, my name is None None and I am 19 years old!
[2023-06-17 21:17:08,569] {taskinstance.py:1166} INFO - Marking task as SUCCESS. dag_id=task_flow_api_v1, task_id=greet, execution_date=20230616T000000, start_date=20230617T211708, end_date=20230617T211708
[2023-06-17 21:17:08,597] {taskinstance.py:1220} INFO - 0 downstream tasks scheduled from follow-on schedule check
[2023-06-17 21:17:08,631] {local_task_job.py:146} INFO - Task exited with return code 0
[2023-06-17 21:23:28,723] {taskinstance.py:851} INFO - Dependencies all met for <TaskInstance: task_flow_api_v1.greet 2023-06-16T00:00:00+00:00 [queued]>
[2023-06-17 21:23:28,739] {taskinstance.py:851} INFO - Dependencies all met for <TaskInstance: task_flow_api_v1.greet 2023-06-16T00:00:00+00:00 [queued]>
[2023-06-17 21:23:28,740] {taskinstance.py:1042} INFO - 
--------------------------------------------------------------------------------
[2023-06-17 21:23:28,741] {taskinstance.py:1043} INFO - Starting attempt 1 of 1
[2023-06-17 21:23:28,742] {taskinstance.py:1044} INFO - 
--------------------------------------------------------------------------------
[2023-06-17 21:23:28,751] {taskinstance.py:1063} INFO - Executing <Task(_PythonDecoratedOperator): greet> on 2023-06-16T00:00:00+00:00
[2023-06-17 21:23:28,754] {standard_task_runner.py:52} INFO - Started process 3866 to run task
[2023-06-17 21:23:28,759] {standard_task_runner.py:76} INFO - Running: ['airflow', 'tasks', 'run', 'task_flow_api_v1', 'greet', '2023-06-16T00:00:00+00:00', '--job-id', '32', '--pool', 'default_pool', '--raw', '--subdir', 'DAGS_FOLDER/dag_with_taskflow_api.py', '--cfg-path', '/tmp/tmph_s8rd8_', '--error-file', '/tmp/tmpqsj_i252']
[2023-06-17 21:23:28,763] {standard_task_runner.py:77} INFO - Job 32: Subtask greet
[2023-06-17 21:23:28,813] {logging_mixin.py:104} INFO - Running <TaskInstance: task_flow_api_v1.greet 2023-06-16T00:00:00+00:00 [running]> on host 7a0b2641fd5a
[2023-06-17 21:23:28,876] {taskinstance.py:1257} INFO - Exporting the following env vars:
AIRFLOW_CTX_DAG_OWNER=Servin
AIRFLOW_CTX_DAG_ID=task_flow_api_v1
AIRFLOW_CTX_TASK_ID=greet
AIRFLOW_CTX_EXECUTION_DATE=2023-06-16T00:00:00+00:00
AIRFLOW_CTX_DAG_RUN_ID=scheduled__2023-06-16T00:00:00+00:00
[2023-06-17 21:23:28,878] {logging_mixin.py:104} INFO - Hello world, my name is Baker Servin and I am 19 years old!
[2023-06-17 21:23:28,889] {taskinstance.py:1166} INFO - Marking task as SUCCESS. dag_id=task_flow_api_v1, task_id=greet, execution_date=20230616T000000, start_date=20230617T212328, end_date=20230617T212328
[2023-06-17 21:23:28,913] {taskinstance.py:1220} INFO - 0 downstream tasks scheduled from follow-on schedule check
[2023-06-17 21:23:28,931] {local_task_job.py:146} INFO - Task exited with return code 0
