[2023-06-14 19:59:25,402] {taskinstance.py:851} INFO - Dependencies all met for <TaskInstance: first_dag_v3.first_task 2023-06-13T00:00:00+00:00 [queued]>
[2023-06-14 19:59:25,413] {taskinstance.py:851} INFO - Dependencies all met for <TaskInstance: first_dag_v3.first_task 2023-06-13T00:00:00+00:00 [queued]>
[2023-06-14 19:59:25,414] {taskinstance.py:1042} INFO - 
--------------------------------------------------------------------------------
[2023-06-14 19:59:25,415] {taskinstance.py:1043} INFO - Starting attempt 1 of 1
[2023-06-14 19:59:25,416] {taskinstance.py:1044} INFO - 
--------------------------------------------------------------------------------
[2023-06-14 19:59:25,429] {taskinstance.py:1063} INFO - Executing <Task(BashOperator): first_task> on 2023-06-13T00:00:00+00:00
[2023-06-14 19:59:25,434] {standard_task_runner.py:52} INFO - Started process 1375 to run task
[2023-06-14 19:59:25,439] {standard_task_runner.py:76} INFO - Running: ['airflow', 'tasks', 'run', 'first_dag_v3', 'first_task', '2023-06-13T00:00:00+00:00', '--job-id', '5', '--pool', 'default_pool', '--raw', '--subdir', 'DAGS_FOLDER/first_dag.py', '--cfg-path', '/tmp/tmpfypqfc5l', '--error-file', '/tmp/tmpi522r0y4']
[2023-06-14 19:59:25,443] {standard_task_runner.py:77} INFO - Job 5: Subtask first_task
[2023-06-14 19:59:25,496] {logging_mixin.py:104} INFO - Running <TaskInstance: first_dag_v3.first_task 2023-06-13T00:00:00+00:00 [running]> on host c4a6634e48c9
[2023-06-14 19:59:25,544] {taskinstance.py:1257} INFO - Exporting the following env vars:
AIRFLOW_CTX_DAG_OWNER=Servin
AIRFLOW_CTX_DAG_ID=first_dag_v3
AIRFLOW_CTX_TASK_ID=first_task
AIRFLOW_CTX_EXECUTION_DATE=2023-06-13T00:00:00+00:00
AIRFLOW_CTX_DAG_RUN_ID=scheduled__2023-06-13T00:00:00+00:00
[2023-06-14 19:59:25,546] {bash.py:135} INFO - Tmp dir root location: 
 /tmp
[2023-06-14 19:59:25,548] {bash.py:158} INFO - Running command: echo hello world!
[2023-06-14 19:59:25,557] {bash.py:169} INFO - Output:
[2023-06-14 19:59:25,559] {bash.py:173} INFO - hello world!
[2023-06-14 19:59:25,560] {bash.py:177} INFO - Command exited with return code 0
[2023-06-14 19:59:25,588] {taskinstance.py:1166} INFO - Marking task as SUCCESS. dag_id=first_dag_v3, task_id=first_task, execution_date=20230613T000000, start_date=20230614T195925, end_date=20230614T195925
[2023-06-14 19:59:25,625] {taskinstance.py:1220} INFO - 2 downstream tasks scheduled from follow-on schedule check
[2023-06-14 19:59:25,651] {local_task_job.py:146} INFO - Task exited with return code 0
