[2023-06-17 21:17:07,205] {taskinstance.py:851} INFO - Dependencies all met for <TaskInstance: task_flow_api_v1._get_name 2023-06-16T00:00:00+00:00 [queued]>
[2023-06-17 21:17:07,222] {taskinstance.py:851} INFO - Dependencies all met for <TaskInstance: task_flow_api_v1._get_name 2023-06-16T00:00:00+00:00 [queued]>
[2023-06-17 21:17:07,223] {taskinstance.py:1042} INFO - 
--------------------------------------------------------------------------------
[2023-06-17 21:17:07,224] {taskinstance.py:1043} INFO - Starting attempt 1 of 1
[2023-06-17 21:17:07,225] {taskinstance.py:1044} INFO - 
--------------------------------------------------------------------------------
[2023-06-17 21:17:07,234] {taskinstance.py:1063} INFO - Executing <Task(_PythonDecoratedOperator): _get_name> on 2023-06-16T00:00:00+00:00
[2023-06-17 21:17:07,238] {standard_task_runner.py:52} INFO - Started process 3292 to run task
[2023-06-17 21:17:07,243] {standard_task_runner.py:76} INFO - Running: ['airflow', 'tasks', 'run', 'task_flow_api_v1', '_get_name', '2023-06-16T00:00:00+00:00', '--job-id', '25', '--pool', 'default_pool', '--raw', '--subdir', 'DAGS_FOLDER/dag_with_taskflow_api.py', '--cfg-path', '/tmp/tmpe95y5h2c', '--error-file', '/tmp/tmpci_7am2d']
[2023-06-17 21:17:07,247] {standard_task_runner.py:77} INFO - Job 25: Subtask _get_name
[2023-06-17 21:17:07,298] {logging_mixin.py:104} INFO - Running <TaskInstance: task_flow_api_v1._get_name 2023-06-16T00:00:00+00:00 [running]> on host 7a0b2641fd5a
[2023-06-17 21:17:07,366] {taskinstance.py:1257} INFO - Exporting the following env vars:
AIRFLOW_CTX_DAG_OWNER=Servin
AIRFLOW_CTX_DAG_ID=task_flow_api_v1
AIRFLOW_CTX_TASK_ID=_get_name
AIRFLOW_CTX_EXECUTION_DATE=2023-06-16T00:00:00+00:00
AIRFLOW_CTX_DAG_RUN_ID=scheduled__2023-06-16T00:00:00+00:00
[2023-06-17 21:17:07,391] {taskinstance.py:1166} INFO - Marking task as SUCCESS. dag_id=task_flow_api_v1, task_id=_get_name, execution_date=20230616T000000, start_date=20230617T211707, end_date=20230617T211707
[2023-06-17 21:17:07,428] {taskinstance.py:1220} INFO - 0 downstream tasks scheduled from follow-on schedule check
[2023-06-17 21:17:07,455] {local_task_job.py:146} INFO - Task exited with return code 0
[2023-06-17 21:23:27,679] {taskinstance.py:851} INFO - Dependencies all met for <TaskInstance: task_flow_api_v1._get_name 2023-06-16T00:00:00+00:00 [queued]>
[2023-06-17 21:23:27,698] {taskinstance.py:851} INFO - Dependencies all met for <TaskInstance: task_flow_api_v1._get_name 2023-06-16T00:00:00+00:00 [queued]>
[2023-06-17 21:23:27,700] {taskinstance.py:1042} INFO - 
--------------------------------------------------------------------------------
[2023-06-17 21:23:27,702] {taskinstance.py:1043} INFO - Starting attempt 1 of 1
[2023-06-17 21:23:27,703] {taskinstance.py:1044} INFO - 
--------------------------------------------------------------------------------
[2023-06-17 21:23:27,714] {taskinstance.py:1063} INFO - Executing <Task(_PythonDecoratedOperator): _get_name> on 2023-06-16T00:00:00+00:00
[2023-06-17 21:23:27,720] {standard_task_runner.py:52} INFO - Started process 3864 to run task
[2023-06-17 21:23:27,724] {standard_task_runner.py:76} INFO - Running: ['airflow', 'tasks', 'run', 'task_flow_api_v1', '_get_name', '2023-06-16T00:00:00+00:00', '--job-id', '31', '--pool', 'default_pool', '--raw', '--subdir', 'DAGS_FOLDER/dag_with_taskflow_api.py', '--cfg-path', '/tmp/tmp2cx87nqv', '--error-file', '/tmp/tmpch0_awtb']
[2023-06-17 21:23:27,729] {standard_task_runner.py:77} INFO - Job 31: Subtask _get_name
[2023-06-17 21:23:27,811] {logging_mixin.py:104} INFO - Running <TaskInstance: task_flow_api_v1._get_name 2023-06-16T00:00:00+00:00 [running]> on host 7a0b2641fd5a
[2023-06-17 21:23:27,878] {taskinstance.py:1257} INFO - Exporting the following env vars:
AIRFLOW_CTX_DAG_OWNER=Servin
AIRFLOW_CTX_DAG_ID=task_flow_api_v1
AIRFLOW_CTX_TASK_ID=_get_name
AIRFLOW_CTX_EXECUTION_DATE=2023-06-16T00:00:00+00:00
AIRFLOW_CTX_DAG_RUN_ID=scheduled__2023-06-16T00:00:00+00:00
[2023-06-17 21:23:27,943] {taskinstance.py:1166} INFO - Marking task as SUCCESS. dag_id=task_flow_api_v1, task_id=_get_name, execution_date=20230616T000000, start_date=20230617T212327, end_date=20230617T212327
[2023-06-17 21:23:27,978] {taskinstance.py:1220} INFO - 1 downstream tasks scheduled from follow-on schedule check
[2023-06-17 21:23:28,018] {local_task_job.py:146} INFO - Task exited with return code 0
