[2023-06-15 15:53:02,369] {taskinstance.py:851} INFO - Dependencies all met for <TaskInstance: python_dag_v1.Greet_with_Python 2023-06-14T00:00:00+00:00 [queued]>
[2023-06-15 15:53:02,379] {taskinstance.py:851} INFO - Dependencies all met for <TaskInstance: python_dag_v1.Greet_with_Python 2023-06-14T00:00:00+00:00 [queued]>
[2023-06-15 15:53:02,380] {taskinstance.py:1042} INFO - 
--------------------------------------------------------------------------------
[2023-06-15 15:53:02,381] {taskinstance.py:1043} INFO - Starting attempt 1 of 1
[2023-06-15 15:53:02,382] {taskinstance.py:1044} INFO - 
--------------------------------------------------------------------------------
[2023-06-15 15:53:02,396] {taskinstance.py:1063} INFO - Executing <Task(PythonOperator): Greet_with_Python> on 2023-06-14T00:00:00+00:00
[2023-06-15 15:53:02,400] {standard_task_runner.py:52} INFO - Started process 1781 to run task
[2023-06-15 15:53:02,405] {standard_task_runner.py:76} INFO - Running: ['airflow', 'tasks', 'run', 'python_dag_v1', 'Greet_with_Python', '2023-06-14T00:00:00+00:00', '--job-id', '2', '--pool', 'default_pool', '--raw', '--subdir', 'DAGS_FOLDER/python_operator_dag.py', '--cfg-path', '/tmp/tmpzw8awbf3', '--error-file', '/tmp/tmpnbljcrb3']
[2023-06-15 15:53:02,409] {standard_task_runner.py:77} INFO - Job 2: Subtask Greet_with_Python
[2023-06-15 15:53:02,459] {logging_mixin.py:104} INFO - Running <TaskInstance: python_dag_v1.Greet_with_Python 2023-06-14T00:00:00+00:00 [running]> on host 76163bdcc9dc
[2023-06-15 15:53:02,510] {taskinstance.py:1257} INFO - Exporting the following env vars:
AIRFLOW_CTX_DAG_OWNER=Servin
AIRFLOW_CTX_DAG_ID=python_dag_v1
AIRFLOW_CTX_TASK_ID=Greet_with_Python
AIRFLOW_CTX_EXECUTION_DATE=2023-06-14T00:00:00+00:00
AIRFLOW_CTX_DAG_RUN_ID=scheduled__2023-06-14T00:00:00+00:00
[2023-06-15 15:53:02,512] {logging_mixin.py:104} INFO - Hello World, from PythonOperator!
[2023-06-15 15:53:02,513] {python.py:118} INFO - Done. Returned value was: None
[2023-06-15 15:53:02,524] {taskinstance.py:1166} INFO - Marking task as SUCCESS. dag_id=python_dag_v1, task_id=Greet_with_Python, execution_date=20230614T000000, start_date=20230615T155302, end_date=20230615T155302
[2023-06-15 15:53:02,548] {taskinstance.py:1220} INFO - 0 downstream tasks scheduled from follow-on schedule check
[2023-06-15 15:53:02,577] {local_task_job.py:146} INFO - Task exited with return code 0
