[2023-06-15 16:35:11,958] {taskinstance.py:851} INFO - Dependencies all met for <TaskInstance: python_dag_v6.Returning_Baker 2023-06-14T00:00:00+00:00 [queued]>
[2023-06-15 16:35:11,967] {taskinstance.py:851} INFO - Dependencies all met for <TaskInstance: python_dag_v6.Returning_Baker 2023-06-14T00:00:00+00:00 [queued]>
[2023-06-15 16:35:11,968] {taskinstance.py:1042} INFO - 
--------------------------------------------------------------------------------
[2023-06-15 16:35:11,970] {taskinstance.py:1043} INFO - Starting attempt 1 of 1
[2023-06-15 16:35:11,971] {taskinstance.py:1044} INFO - 
--------------------------------------------------------------------------------
[2023-06-15 16:35:11,984] {taskinstance.py:1063} INFO - Executing <Task(PythonOperator): Returning_Baker> on 2023-06-14T00:00:00+00:00
[2023-06-15 16:35:11,988] {standard_task_runner.py:52} INFO - Started process 4292 to run task
[2023-06-15 16:35:11,993] {standard_task_runner.py:76} INFO - Running: ['airflow', 'tasks', 'run', 'python_dag_v6', 'Returning_Baker', '2023-06-14T00:00:00+00:00', '--job-id', '12', '--pool', 'default_pool', '--raw', '--subdir', 'DAGS_FOLDER/python_operator_dag.py', '--cfg-path', '/tmp/tmp_wlcsl0j', '--error-file', '/tmp/tmpfdxql463']
[2023-06-15 16:35:11,997] {standard_task_runner.py:77} INFO - Job 12: Subtask Returning_Baker
[2023-06-15 16:35:12,047] {logging_mixin.py:104} INFO - Running <TaskInstance: python_dag_v6.Returning_Baker 2023-06-14T00:00:00+00:00 [running]> on host 76163bdcc9dc
[2023-06-15 16:35:12,090] {taskinstance.py:1257} INFO - Exporting the following env vars:
AIRFLOW_CTX_DAG_OWNER=Servin
AIRFLOW_CTX_DAG_ID=python_dag_v6
AIRFLOW_CTX_TASK_ID=Returning_Baker
AIRFLOW_CTX_EXECUTION_DATE=2023-06-14T00:00:00+00:00
AIRFLOW_CTX_DAG_RUN_ID=scheduled__2023-06-14T00:00:00+00:00
[2023-06-15 16:35:12,119] {python.py:118} INFO - Done. Returned value was: None
[2023-06-15 16:35:12,130] {taskinstance.py:1166} INFO - Marking task as SUCCESS. dag_id=python_dag_v6, task_id=Returning_Baker, execution_date=20230614T000000, start_date=20230615T163511, end_date=20230615T163512
[2023-06-15 16:35:12,161] {taskinstance.py:1220} INFO - 0 downstream tasks scheduled from follow-on schedule check
[2023-06-15 16:35:12,206] {local_task_job.py:146} INFO - Task exited with return code 0
