[2023-06-15 16:25:24,032] {taskinstance.py:851} INFO - Dependencies all met for <TaskInstance: python_dag_v4.Greet_with_Python 2023-06-14T00:00:00+00:00 [queued]>
[2023-06-15 16:25:24,042] {taskinstance.py:851} INFO - Dependencies all met for <TaskInstance: python_dag_v4.Greet_with_Python 2023-06-14T00:00:00+00:00 [queued]>
[2023-06-15 16:25:24,043] {taskinstance.py:1042} INFO - 
--------------------------------------------------------------------------------
[2023-06-15 16:25:24,044] {taskinstance.py:1043} INFO - Starting attempt 2 of 2
[2023-06-15 16:25:24,045] {taskinstance.py:1044} INFO - 
--------------------------------------------------------------------------------
[2023-06-15 16:25:24,058] {taskinstance.py:1063} INFO - Executing <Task(PythonOperator): Greet_with_Python> on 2023-06-14T00:00:00+00:00
[2023-06-15 16:25:24,062] {standard_task_runner.py:52} INFO - Started process 3701 to run task
[2023-06-15 16:25:24,067] {standard_task_runner.py:76} INFO - Running: ['airflow', 'tasks', 'run', 'python_dag_v4', 'Greet_with_Python', '2023-06-14T00:00:00+00:00', '--job-id', '7', '--pool', 'default_pool', '--raw', '--subdir', 'DAGS_FOLDER/python_operator_dag.py', '--cfg-path', '/tmp/tmpuoccwb04', '--error-file', '/tmp/tmpfr79y5zo']
[2023-06-15 16:25:24,071] {standard_task_runner.py:77} INFO - Job 7: Subtask Greet_with_Python
[2023-06-15 16:25:24,151] {logging_mixin.py:104} INFO - Running <TaskInstance: python_dag_v4.Greet_with_Python 2023-06-14T00:00:00+00:00 [running]> on host 76163bdcc9dc
[2023-06-15 16:25:24,195] {taskinstance.py:1257} INFO - Exporting the following env vars:
AIRFLOW_CTX_DAG_OWNER=Servin
AIRFLOW_CTX_DAG_ID=python_dag_v4
AIRFLOW_CTX_TASK_ID=Greet_with_Python
AIRFLOW_CTX_EXECUTION_DATE=2023-06-14T00:00:00+00:00
AIRFLOW_CTX_DAG_RUN_ID=scheduled__2023-06-14T00:00:00+00:00
[2023-06-15 16:25:24,207] {logging_mixin.py:104} INFO - Hello, my name is None, I am 26 years old!
[2023-06-15 16:25:24,208] {python.py:118} INFO - Done. Returned value was: None
[2023-06-15 16:25:24,219] {taskinstance.py:1166} INFO - Marking task as SUCCESS. dag_id=python_dag_v4, task_id=Greet_with_Python, execution_date=20230614T000000, start_date=20230615T162524, end_date=20230615T162524
[2023-06-15 16:25:24,250] {taskinstance.py:1220} INFO - 0 downstream tasks scheduled from follow-on schedule check
[2023-06-15 16:25:24,279] {local_task_job.py:146} INFO - Task exited with return code 0
