[2023-06-15 16:26:34,252] {taskinstance.py:851} INFO - Dependencies all met for <TaskInstance: python_dag_v4.Greet_with_Python 2023-06-14T00:00:00+00:00 [queued]>
[2023-06-15 16:26:34,261] {taskinstance.py:851} INFO - Dependencies all met for <TaskInstance: python_dag_v4.Greet_with_Python 2023-06-14T00:00:00+00:00 [queued]>
[2023-06-15 16:26:34,263] {taskinstance.py:1042} INFO - 
--------------------------------------------------------------------------------
[2023-06-15 16:26:34,263] {taskinstance.py:1043} INFO - Starting attempt 3 of 3
[2023-06-15 16:26:34,264] {taskinstance.py:1044} INFO - 
--------------------------------------------------------------------------------
[2023-06-15 16:26:34,277] {taskinstance.py:1063} INFO - Executing <Task(PythonOperator): Greet_with_Python> on 2023-06-14T00:00:00+00:00
[2023-06-15 16:26:34,281] {standard_task_runner.py:52} INFO - Started process 3775 to run task
[2023-06-15 16:26:34,285] {standard_task_runner.py:76} INFO - Running: ['airflow', 'tasks', 'run', 'python_dag_v4', 'Greet_with_Python', '2023-06-14T00:00:00+00:00', '--job-id', '9', '--pool', 'default_pool', '--raw', '--subdir', 'DAGS_FOLDER/python_operator_dag.py', '--cfg-path', '/tmp/tmp794r7k8j', '--error-file', '/tmp/tmpqoojc3ym']
[2023-06-15 16:26:34,289] {standard_task_runner.py:77} INFO - Job 9: Subtask Greet_with_Python
[2023-06-15 16:26:34,338] {logging_mixin.py:104} INFO - Running <TaskInstance: python_dag_v4.Greet_with_Python 2023-06-14T00:00:00+00:00 [running]> on host 76163bdcc9dc
[2023-06-15 16:26:34,375] {taskinstance.py:1257} INFO - Exporting the following env vars:
AIRFLOW_CTX_DAG_OWNER=Servin
AIRFLOW_CTX_DAG_ID=python_dag_v4
AIRFLOW_CTX_TASK_ID=Greet_with_Python
AIRFLOW_CTX_EXECUTION_DATE=2023-06-14T00:00:00+00:00
AIRFLOW_CTX_DAG_RUN_ID=scheduled__2023-06-14T00:00:00+00:00
[2023-06-15 16:26:34,385] {logging_mixin.py:104} INFO - Hello, my name is Baker, I am 26 years old!
[2023-06-15 16:26:34,386] {python.py:118} INFO - Done. Returned value was: None
[2023-06-15 16:26:34,396] {taskinstance.py:1166} INFO - Marking task as SUCCESS. dag_id=python_dag_v4, task_id=Greet_with_Python, execution_date=20230614T000000, start_date=20230615T162634, end_date=20230615T162634
[2023-06-15 16:26:34,420] {taskinstance.py:1220} INFO - 0 downstream tasks scheduled from follow-on schedule check
[2023-06-15 16:26:34,458] {local_task_job.py:146} INFO - Task exited with return code 0
