[2023-06-20 21:43:25,698] {taskinstance.py:1043} INFO - Dependencies all met for <TaskInstance: minio_sensor_v1.minio_sensor_s3 manual__2023-06-20T21:43:25.084083+00:00 [queued]>
[2023-06-20 21:43:25,709] {taskinstance.py:1043} INFO - Dependencies all met for <TaskInstance: minio_sensor_v1.minio_sensor_s3 manual__2023-06-20T21:43:25.084083+00:00 [queued]>
[2023-06-20 21:43:25,710] {taskinstance.py:1249} INFO - 
--------------------------------------------------------------------------------
[2023-06-20 21:43:25,711] {taskinstance.py:1250} INFO - Starting attempt 1 of 1
[2023-06-20 21:43:25,712] {taskinstance.py:1251} INFO - 
--------------------------------------------------------------------------------
[2023-06-20 21:43:25,723] {taskinstance.py:1270} INFO - Executing <Task(S3KeySensor): minio_sensor_s3> on 2023-06-20 21:43:25.084083+00:00
[2023-06-20 21:43:25,728] {standard_task_runner.py:52} INFO - Started process 1066 to run task
[2023-06-20 21:43:25,732] {standard_task_runner.py:79} INFO - Running: ['***', 'tasks', 'run', 'minio_sensor_v1', 'minio_sensor_s3', 'manual__2023-06-20T21:43:25.084083+00:00', '--job-id', '7', '--raw', '--subdir', 'DAGS_FOLDER/dag_with_minio.py', '--cfg-path', '/tmp/tmpna5wv4zn', '--error-file', '/tmp/tmpyg_qk89k']
[2023-06-20 21:43:25,740] {standard_task_runner.py:80} INFO - Job 7: Subtask minio_sensor_s3
[2023-06-20 21:43:25,795] {logging_mixin.py:109} INFO - Running <TaskInstance: minio_sensor_v1.minio_sensor_s3 manual__2023-06-20T21:43:25.084083+00:00 [running]> on host 4772b5dcfc1f
[2023-06-20 21:43:25,842] {taskinstance.py:1448} INFO - Exporting the following env vars:
AIRFLOW_CTX_DAG_OWNER=Servin
AIRFLOW_CTX_DAG_ID=minio_sensor_v1
AIRFLOW_CTX_TASK_ID=minio_sensor_s3
AIRFLOW_CTX_EXECUTION_DATE=2023-06-20T21:43:25.084083+00:00
AIRFLOW_CTX_DAG_RUN_ID=manual__2023-06-20T21:43:25.084083+00:00
[2023-06-20 21:43:25,844] {s3.py:105} INFO - Poking for key : s3://***/data.csv
[2023-06-20 21:43:25,855] {base_aws.py:194} INFO - Credentials retrieved from extra_config
[2023-06-20 21:43:25,914] {base.py:251} INFO - Success criteria met. Exiting.
[2023-06-20 21:43:25,924] {taskinstance.py:1288} INFO - Marking task as SUCCESS. dag_id=minio_sensor_v1, task_id=minio_sensor_s3, execution_date=20230620T214325, start_date=20230620T214325, end_date=20230620T214325
[2023-06-20 21:43:25,946] {local_task_job.py:154} INFO - Task exited with return code 0
[2023-06-20 21:43:25,972] {local_task_job.py:264} INFO - 0 downstream tasks scheduled from follow-on schedule check
