[2023-06-15 16:31:04,622] {taskinstance.py:851} INFO - Dependencies all met for <TaskInstance: python_dag_v5.Returning_Baker 2023-06-14T00:00:00+00:00 [queued]>
[2023-06-15 16:31:04,632] {taskinstance.py:851} INFO - Dependencies all met for <TaskInstance: python_dag_v5.Returning_Baker 2023-06-14T00:00:00+00:00 [queued]>
[2023-06-15 16:31:04,633] {taskinstance.py:1042} INFO - 
--------------------------------------------------------------------------------
[2023-06-15 16:31:04,633] {taskinstance.py:1043} INFO - Starting attempt 1 of 1
[2023-06-15 16:31:04,634] {taskinstance.py:1044} INFO - 
--------------------------------------------------------------------------------
[2023-06-15 16:31:04,645] {taskinstance.py:1063} INFO - Executing <Task(PythonOperator): Returning_Baker> on 2023-06-14T00:00:00+00:00
[2023-06-15 16:31:04,649] {standard_task_runner.py:52} INFO - Started process 4047 to run task
[2023-06-15 16:31:04,652] {standard_task_runner.py:76} INFO - Running: ['airflow', 'tasks', 'run', 'python_dag_v5', 'Returning_Baker', '2023-06-14T00:00:00+00:00', '--job-id', '10', '--pool', 'default_pool', '--raw', '--subdir', 'DAGS_FOLDER/python_operator_dag.py', '--cfg-path', '/tmp/tmpvkobs8rg', '--error-file', '/tmp/tmprcxd8p04']
[2023-06-15 16:31:04,656] {standard_task_runner.py:77} INFO - Job 10: Subtask Returning_Baker
[2023-06-15 16:31:04,702] {logging_mixin.py:104} INFO - Running <TaskInstance: python_dag_v5.Returning_Baker 2023-06-14T00:00:00+00:00 [running]> on host 76163bdcc9dc
[2023-06-15 16:31:04,743] {taskinstance.py:1257} INFO - Exporting the following env vars:
AIRFLOW_CTX_DAG_OWNER=Servin
AIRFLOW_CTX_DAG_ID=python_dag_v5
AIRFLOW_CTX_TASK_ID=Returning_Baker
AIRFLOW_CTX_EXECUTION_DATE=2023-06-14T00:00:00+00:00
AIRFLOW_CTX_DAG_RUN_ID=scheduled__2023-06-14T00:00:00+00:00
[2023-06-15 16:31:04,769] {python.py:118} INFO - Done. Returned value was: None
[2023-06-15 16:31:04,780] {taskinstance.py:1166} INFO - Marking task as SUCCESS. dag_id=python_dag_v5, task_id=Returning_Baker, execution_date=20230614T000000, start_date=20230615T163104, end_date=20230615T163104
[2023-06-15 16:31:04,809] {taskinstance.py:1220} INFO - 1 downstream tasks scheduled from follow-on schedule check
[2023-06-15 16:31:04,825] {local_task_job.py:146} INFO - Task exited with return code 0
