[2023-06-17 21:06:33,429] {taskinstance.py:851} INFO - Dependencies all met for <TaskInstance: task_flow_api_v2.greet 2023-06-16T00:00:00+00:00 [queued]>
[2023-06-17 21:06:33,441] {taskinstance.py:851} INFO - Dependencies all met for <TaskInstance: task_flow_api_v2.greet 2023-06-16T00:00:00+00:00 [queued]>
[2023-06-17 21:06:33,442] {taskinstance.py:1042} INFO - 
--------------------------------------------------------------------------------
[2023-06-17 21:06:33,443] {taskinstance.py:1043} INFO - Starting attempt 1 of 1
[2023-06-17 21:06:33,444] {taskinstance.py:1044} INFO - 
--------------------------------------------------------------------------------
[2023-06-17 21:06:33,450] {taskinstance.py:1063} INFO - Executing <Task(_PythonDecoratedOperator): greet> on 2023-06-16T00:00:00+00:00
[2023-06-17 21:06:33,454] {standard_task_runner.py:52} INFO - Started process 2336 to run task
[2023-06-17 21:06:33,458] {standard_task_runner.py:76} INFO - Running: ['airflow', 'tasks', 'run', 'task_flow_api_v2', 'greet', '2023-06-16T00:00:00+00:00', '--job-id', '17', '--pool', 'default_pool', '--raw', '--subdir', 'DAGS_FOLDER/dag_with_taskflow_api.py', '--cfg-path', '/tmp/tmpycieh4ig', '--error-file', '/tmp/tmpspl_vtyd']
[2023-06-17 21:06:33,463] {standard_task_runner.py:77} INFO - Job 17: Subtask greet
[2023-06-17 21:06:33,513] {logging_mixin.py:104} INFO - Running <TaskInstance: task_flow_api_v2.greet 2023-06-16T00:00:00+00:00 [running]> on host 7a0b2641fd5a
[2023-06-17 21:06:33,594] {taskinstance.py:1257} INFO - Exporting the following env vars:
AIRFLOW_CTX_DAG_OWNER=Servin
AIRFLOW_CTX_DAG_ID=task_flow_api_v2
AIRFLOW_CTX_TASK_ID=greet
AIRFLOW_CTX_EXECUTION_DATE=2023-06-16T00:00:00+00:00
AIRFLOW_CTX_DAG_RUN_ID=scheduled__2023-06-16T00:00:00+00:00
[2023-06-17 21:06:33,597] {logging_mixin.py:104} INFO - Hello world, my name is None None and I am 19 years old!
[2023-06-17 21:06:33,611] {taskinstance.py:1166} INFO - Marking task as SUCCESS. dag_id=task_flow_api_v2, task_id=greet, execution_date=20230616T000000, start_date=20230617T210633, end_date=20230617T210633
[2023-06-17 21:06:33,642] {taskinstance.py:1220} INFO - 0 downstream tasks scheduled from follow-on schedule check
[2023-06-17 21:06:33,671] {local_task_job.py:146} INFO - Task exited with return code 0
[2023-06-17 21:19:04,473] {taskinstance.py:851} INFO - Dependencies all met for <TaskInstance: task_flow_api_v2.greet 2023-06-16T00:00:00+00:00 [queued]>
[2023-06-17 21:19:04,493] {taskinstance.py:851} INFO - Dependencies all met for <TaskInstance: task_flow_api_v2.greet 2023-06-16T00:00:00+00:00 [queued]>
[2023-06-17 21:19:04,494] {taskinstance.py:1042} INFO - 
--------------------------------------------------------------------------------
[2023-06-17 21:19:04,496] {taskinstance.py:1043} INFO - Starting attempt 1 of 1
[2023-06-17 21:19:04,497] {taskinstance.py:1044} INFO - 
--------------------------------------------------------------------------------
[2023-06-17 21:19:04,507] {taskinstance.py:1063} INFO - Executing <Task(_PythonDecoratedOperator): greet> on 2023-06-16T00:00:00+00:00
[2023-06-17 21:19:04,511] {standard_task_runner.py:52} INFO - Started process 3470 to run task
[2023-06-17 21:19:04,517] {standard_task_runner.py:76} INFO - Running: ['airflow', 'tasks', 'run', 'task_flow_api_v2', 'greet', '2023-06-16T00:00:00+00:00', '--job-id', '29', '--pool', 'default_pool', '--raw', '--subdir', 'DAGS_FOLDER/dag_with_taskflow_api.py', '--cfg-path', '/tmp/tmpmsgiw7nt', '--error-file', '/tmp/tmpsd5db0e6']
[2023-06-17 21:19:04,522] {standard_task_runner.py:77} INFO - Job 29: Subtask greet
[2023-06-17 21:19:04,591] {logging_mixin.py:104} INFO - Running <TaskInstance: task_flow_api_v2.greet 2023-06-16T00:00:00+00:00 [running]> on host 7a0b2641fd5a
[2023-06-17 21:19:04,670] {taskinstance.py:1257} INFO - Exporting the following env vars:
AIRFLOW_CTX_DAG_OWNER=Servin
AIRFLOW_CTX_DAG_ID=task_flow_api_v2
AIRFLOW_CTX_TASK_ID=greet
AIRFLOW_CTX_EXECUTION_DATE=2023-06-16T00:00:00+00:00
AIRFLOW_CTX_DAG_RUN_ID=scheduled__2023-06-16T00:00:00+00:00
[2023-06-17 21:19:04,673] {logging_mixin.py:104} INFO - Hello world, my name is Baker Servin and I am 19 years old!
[2023-06-17 21:19:04,691] {taskinstance.py:1166} INFO - Marking task as SUCCESS. dag_id=task_flow_api_v2, task_id=greet, execution_date=20230616T000000, start_date=20230617T211904, end_date=20230617T211904
[2023-06-17 21:19:04,726] {taskinstance.py:1220} INFO - 0 downstream tasks scheduled from follow-on schedule check
[2023-06-17 21:19:04,769] {local_task_job.py:146} INFO - Task exited with return code 0
