[2023-06-17 21:07:32,996] {taskinstance.py:851} INFO - Dependencies all met for <TaskInstance: task_flow_api_v2.greet 2023-06-16T00:00:00+00:00 [queued]>
[2023-06-17 21:07:33,011] {taskinstance.py:851} INFO - Dependencies all met for <TaskInstance: task_flow_api_v2.greet 2023-06-16T00:00:00+00:00 [queued]>
[2023-06-17 21:07:33,012] {taskinstance.py:1042} INFO - 
--------------------------------------------------------------------------------
[2023-06-17 21:07:33,013] {taskinstance.py:1043} INFO - Starting attempt 2 of 2
[2023-06-17 21:07:33,015] {taskinstance.py:1044} INFO - 
--------------------------------------------------------------------------------
[2023-06-17 21:07:33,023] {taskinstance.py:1063} INFO - Executing <Task(_PythonDecoratedOperator): greet> on 2023-06-16T00:00:00+00:00
[2023-06-17 21:07:33,026] {standard_task_runner.py:52} INFO - Started process 2432 to run task
[2023-06-17 21:07:33,031] {standard_task_runner.py:76} INFO - Running: ['airflow', 'tasks', 'run', 'task_flow_api_v2', 'greet', '2023-06-16T00:00:00+00:00', '--job-id', '20', '--pool', 'default_pool', '--raw', '--subdir', 'DAGS_FOLDER/dag_with_taskflow_api.py', '--cfg-path', '/tmp/tmppgcfl54x', '--error-file', '/tmp/tmp21uupsdo']
[2023-06-17 21:07:33,035] {standard_task_runner.py:77} INFO - Job 20: Subtask greet
[2023-06-17 21:07:33,077] {logging_mixin.py:104} INFO - Running <TaskInstance: task_flow_api_v2.greet 2023-06-16T00:00:00+00:00 [running]> on host 7a0b2641fd5a
[2023-06-17 21:07:33,134] {taskinstance.py:1257} INFO - Exporting the following env vars:
AIRFLOW_CTX_DAG_OWNER=Servin
AIRFLOW_CTX_DAG_ID=task_flow_api_v2
AIRFLOW_CTX_TASK_ID=greet
AIRFLOW_CTX_EXECUTION_DATE=2023-06-16T00:00:00+00:00
AIRFLOW_CTX_DAG_RUN_ID=scheduled__2023-06-16T00:00:00+00:00
[2023-06-17 21:07:33,136] {logging_mixin.py:104} INFO - Hello world, my name is None None and I am 19 years old!
[2023-06-17 21:07:33,146] {taskinstance.py:1166} INFO - Marking task as SUCCESS. dag_id=task_flow_api_v2, task_id=greet, execution_date=20230616T000000, start_date=20230617T210732, end_date=20230617T210733
[2023-06-17 21:07:33,166] {taskinstance.py:1220} INFO - 0 downstream tasks scheduled from follow-on schedule check
[2023-06-17 21:07:33,202] {local_task_job.py:146} INFO - Task exited with return code 0
