[2023-06-14 19:33:46,571] {taskinstance.py:851} INFO - Dependencies all met for <TaskInstance: first_dag_v2.second_task 2023-06-13T00:00:00+00:00 [queued]>
[2023-06-14 19:33:46,583] {taskinstance.py:851} INFO - Dependencies all met for <TaskInstance: first_dag_v2.second_task 2023-06-13T00:00:00+00:00 [queued]>
[2023-06-14 19:33:46,585] {taskinstance.py:1042} INFO - 
--------------------------------------------------------------------------------
[2023-06-14 19:33:46,586] {taskinstance.py:1043} INFO - Starting attempt 1 of 1
[2023-06-14 19:33:46,587] {taskinstance.py:1044} INFO - 
--------------------------------------------------------------------------------
[2023-06-14 19:33:46,604] {taskinstance.py:1063} INFO - Executing <Task(BashOperator): second_task> on 2023-06-13T00:00:00+00:00
[2023-06-14 19:33:46,608] {standard_task_runner.py:52} INFO - Started process 612 to run task
[2023-06-14 19:33:46,613] {standard_task_runner.py:76} INFO - Running: ['airflow', 'tasks', 'run', 'first_dag_v2', 'second_task', '2023-06-13T00:00:00+00:00', '--job-id', '4', '--pool', 'default_pool', '--raw', '--subdir', 'DAGS_FOLDER/first_dag.py', '--cfg-path', '/tmp/tmpsq93c74f', '--error-file', '/tmp/tmpst40hooc']
[2023-06-14 19:33:46,618] {standard_task_runner.py:77} INFO - Job 4: Subtask second_task
[2023-06-14 19:33:46,670] {logging_mixin.py:104} INFO - Running <TaskInstance: first_dag_v2.second_task 2023-06-13T00:00:00+00:00 [running]> on host c4a6634e48c9
[2023-06-14 19:33:46,712] {taskinstance.py:1257} INFO - Exporting the following env vars:
AIRFLOW_CTX_DAG_OWNER=Servin
AIRFLOW_CTX_DAG_ID=first_dag_v2
AIRFLOW_CTX_TASK_ID=second_task
AIRFLOW_CTX_EXECUTION_DATE=2023-06-13T00:00:00+00:00
AIRFLOW_CTX_DAG_RUN_ID=scheduled__2023-06-13T00:00:00+00:00
[2023-06-14 19:33:46,714] {bash.py:135} INFO - Tmp dir root location: 
 /tmp
[2023-06-14 19:33:46,715] {bash.py:158} INFO - Running command: echo This is from the second task!
[2023-06-14 19:33:46,723] {bash.py:169} INFO - Output:
[2023-06-14 19:33:46,725] {bash.py:173} INFO - This is from the second task!
[2023-06-14 19:33:46,726] {bash.py:177} INFO - Command exited with return code 0
[2023-06-14 19:33:46,751] {taskinstance.py:1166} INFO - Marking task as SUCCESS. dag_id=first_dag_v2, task_id=second_task, execution_date=20230613T000000, start_date=20230614T193346, end_date=20230614T193346
[2023-06-14 19:33:46,775] {taskinstance.py:1220} INFO - 0 downstream tasks scheduled from follow-on schedule check
[2023-06-14 19:33:46,785] {local_task_job.py:146} INFO - Task exited with return code 0
