[2023-06-15 16:38:19,819] {taskinstance.py:851} INFO - Dependencies all met for <TaskInstance: python_dag_v6.Returning_age 2023-06-14T00:00:00+00:00 [queued]>
[2023-06-15 16:38:19,836] {taskinstance.py:851} INFO - Dependencies all met for <TaskInstance: python_dag_v6.Returning_age 2023-06-14T00:00:00+00:00 [queued]>
[2023-06-15 16:38:19,838] {taskinstance.py:1042} INFO - 
--------------------------------------------------------------------------------
[2023-06-15 16:38:19,839] {taskinstance.py:1043} INFO - Starting attempt 2 of 2
[2023-06-15 16:38:19,840] {taskinstance.py:1044} INFO - 
--------------------------------------------------------------------------------
[2023-06-15 16:38:19,857] {taskinstance.py:1063} INFO - Executing <Task(PythonOperator): Returning_age> on 2023-06-14T00:00:00+00:00
[2023-06-15 16:38:19,863] {standard_task_runner.py:52} INFO - Started process 4489 to run task
[2023-06-15 16:38:19,869] {standard_task_runner.py:76} INFO - Running: ['airflow', 'tasks', 'run', 'python_dag_v6', 'Returning_age', '2023-06-14T00:00:00+00:00', '--job-id', '16', '--pool', 'default_pool', '--raw', '--subdir', 'DAGS_FOLDER/python_operator_dag.py', '--cfg-path', '/tmp/tmp7lv7gi_y', '--error-file', '/tmp/tmpcq6wm4dx']
[2023-06-15 16:38:19,874] {standard_task_runner.py:77} INFO - Job 16: Subtask Returning_age
[2023-06-15 16:38:19,931] {logging_mixin.py:104} INFO - Running <TaskInstance: python_dag_v6.Returning_age 2023-06-14T00:00:00+00:00 [running]> on host 76163bdcc9dc
[2023-06-15 16:38:19,976] {taskinstance.py:1257} INFO - Exporting the following env vars:
AIRFLOW_CTX_DAG_OWNER=Servin
AIRFLOW_CTX_DAG_ID=python_dag_v6
AIRFLOW_CTX_TASK_ID=Returning_age
AIRFLOW_CTX_EXECUTION_DATE=2023-06-14T00:00:00+00:00
AIRFLOW_CTX_DAG_RUN_ID=scheduled__2023-06-14T00:00:00+00:00
[2023-06-15 16:38:19,993] {python.py:118} INFO - Done. Returned value was: None
[2023-06-15 16:38:20,005] {taskinstance.py:1166} INFO - Marking task as SUCCESS. dag_id=python_dag_v6, task_id=Returning_age, execution_date=20230614T000000, start_date=20230615T163819, end_date=20230615T163820
[2023-06-15 16:38:20,036] {taskinstance.py:1220} INFO - 1 downstream tasks scheduled from follow-on schedule check
[2023-06-15 16:38:20,082] {local_task_job.py:146} INFO - Task exited with return code 0
