[2023-06-17 20:52:33,981] {taskinstance.py:851} INFO - Dependencies all met for <TaskInstance: task_flow_api._get_name 2023-06-16T00:00:00+00:00 [queued]>
[2023-06-17 20:52:33,998] {taskinstance.py:851} INFO - Dependencies all met for <TaskInstance: task_flow_api._get_name 2023-06-16T00:00:00+00:00 [queued]>
[2023-06-17 20:52:33,999] {taskinstance.py:1042} INFO - 
--------------------------------------------------------------------------------
[2023-06-17 20:52:34,000] {taskinstance.py:1043} INFO - Starting attempt 2 of 2
[2023-06-17 20:52:34,002] {taskinstance.py:1044} INFO - 
--------------------------------------------------------------------------------
[2023-06-17 20:52:34,011] {taskinstance.py:1063} INFO - Executing <Task(_PythonDecoratedOperator): _get_name> on 2023-06-16T00:00:00+00:00
[2023-06-17 20:52:34,015] {standard_task_runner.py:52} INFO - Started process 1086 to run task
[2023-06-17 20:52:34,021] {standard_task_runner.py:76} INFO - Running: ['airflow', 'tasks', 'run', 'task_flow_api', '_get_name', '2023-06-16T00:00:00+00:00', '--job-id', '7', '--pool', 'default_pool', '--raw', '--subdir', 'DAGS_FOLDER/dag_with_taskflow_api.py', '--cfg-path', '/tmp/tmp4r0cbu0t', '--error-file', '/tmp/tmp2jqaleh7']
[2023-06-17 20:52:34,025] {standard_task_runner.py:77} INFO - Job 7: Subtask _get_name
[2023-06-17 20:52:34,077] {logging_mixin.py:104} INFO - Running <TaskInstance: task_flow_api._get_name 2023-06-16T00:00:00+00:00 [running]> on host 7a0b2641fd5a
[2023-06-17 20:52:34,123] {taskinstance.py:1257} INFO - Exporting the following env vars:
AIRFLOW_CTX_DAG_OWNER=Servin
AIRFLOW_CTX_DAG_ID=task_flow_api
AIRFLOW_CTX_TASK_ID=_get_name
AIRFLOW_CTX_EXECUTION_DATE=2023-06-16T00:00:00+00:00
AIRFLOW_CTX_DAG_RUN_ID=scheduled__2023-06-16T00:00:00+00:00
[2023-06-17 20:52:34,150] {taskinstance.py:1166} INFO - Marking task as SUCCESS. dag_id=task_flow_api, task_id=_get_name, execution_date=20230616T000000, start_date=20230617T205233, end_date=20230617T205234
[2023-06-17 20:52:34,186] {taskinstance.py:1220} INFO - 0 downstream tasks scheduled from follow-on schedule check
[2023-06-17 20:52:34,233] {local_task_job.py:146} INFO - Task exited with return code 0
