[2023-06-15 16:31:05,779] {taskinstance.py:851} INFO - Dependencies all met for <TaskInstance: python_dag_v5.Greet_with_Python 2023-06-14T00:00:00+00:00 [queued]>
[2023-06-15 16:31:05,791] {taskinstance.py:851} INFO - Dependencies all met for <TaskInstance: python_dag_v5.Greet_with_Python 2023-06-14T00:00:00+00:00 [queued]>
[2023-06-15 16:31:05,792] {taskinstance.py:1042} INFO - 
--------------------------------------------------------------------------------
[2023-06-15 16:31:05,793] {taskinstance.py:1043} INFO - Starting attempt 1 of 1
[2023-06-15 16:31:05,794] {taskinstance.py:1044} INFO - 
--------------------------------------------------------------------------------
[2023-06-15 16:31:05,809] {taskinstance.py:1063} INFO - Executing <Task(PythonOperator): Greet_with_Python> on 2023-06-14T00:00:00+00:00
[2023-06-15 16:31:05,815] {standard_task_runner.py:52} INFO - Started process 4049 to run task
[2023-06-15 16:31:05,820] {standard_task_runner.py:76} INFO - Running: ['airflow', 'tasks', 'run', 'python_dag_v5', 'Greet_with_Python', '2023-06-14T00:00:00+00:00', '--job-id', '11', '--pool', 'default_pool', '--raw', '--subdir', 'DAGS_FOLDER/python_operator_dag.py', '--cfg-path', '/tmp/tmp8_tckfwx', '--error-file', '/tmp/tmpu4iyht61']
[2023-06-15 16:31:05,824] {standard_task_runner.py:77} INFO - Job 11: Subtask Greet_with_Python
[2023-06-15 16:31:05,884] {logging_mixin.py:104} INFO - Running <TaskInstance: python_dag_v5.Greet_with_Python 2023-06-14T00:00:00+00:00 [running]> on host 76163bdcc9dc
[2023-06-15 16:31:05,938] {taskinstance.py:1257} INFO - Exporting the following env vars:
AIRFLOW_CTX_DAG_OWNER=Servin
AIRFLOW_CTX_DAG_ID=python_dag_v5
AIRFLOW_CTX_TASK_ID=Greet_with_Python
AIRFLOW_CTX_EXECUTION_DATE=2023-06-14T00:00:00+00:00
AIRFLOW_CTX_DAG_RUN_ID=scheduled__2023-06-14T00:00:00+00:00
[2023-06-15 16:31:05,958] {logging_mixin.py:104} INFO - Hello, my name is Baker Servin, I am 26 years old!
[2023-06-15 16:31:05,960] {python.py:118} INFO - Done. Returned value was: None
[2023-06-15 16:31:05,973] {taskinstance.py:1166} INFO - Marking task as SUCCESS. dag_id=python_dag_v5, task_id=Greet_with_Python, execution_date=20230614T000000, start_date=20230615T163105, end_date=20230615T163105
[2023-06-15 16:31:06,004] {taskinstance.py:1220} INFO - 0 downstream tasks scheduled from follow-on schedule check
[2023-06-15 16:31:06,032] {local_task_job.py:146} INFO - Task exited with return code 0
