[2023-06-17 21:12:37,773] {taskinstance.py:851} INFO - Dependencies all met for <TaskInstance: task_flow_api_v3.greet 2023-06-16T00:00:00+00:00 [queued]>
[2023-06-17 21:12:37,786] {taskinstance.py:851} INFO - Dependencies all met for <TaskInstance: task_flow_api_v3.greet 2023-06-16T00:00:00+00:00 [queued]>
[2023-06-17 21:12:37,787] {taskinstance.py:1042} INFO - 
--------------------------------------------------------------------------------
[2023-06-17 21:12:37,788] {taskinstance.py:1043} INFO - Starting attempt 1 of 1
[2023-06-17 21:12:37,789] {taskinstance.py:1044} INFO - 
--------------------------------------------------------------------------------
[2023-06-17 21:12:37,797] {taskinstance.py:1063} INFO - Executing <Task(_PythonDecoratedOperator): greet> on 2023-06-16T00:00:00+00:00
[2023-06-17 21:12:37,800] {standard_task_runner.py:52} INFO - Started process 2888 to run task
[2023-06-17 21:12:37,804] {standard_task_runner.py:76} INFO - Running: ['airflow', 'tasks', 'run', 'task_flow_api_v3', 'greet', '2023-06-16T00:00:00+00:00', '--job-id', '23', '--pool', 'default_pool', '--raw', '--subdir', 'DAGS_FOLDER/dag_with_taskflow_api.py', '--cfg-path', '/tmp/tmpdbx1a2_g', '--error-file', '/tmp/tmp96x_m25t']
[2023-06-17 21:12:37,808] {standard_task_runner.py:77} INFO - Job 23: Subtask greet
[2023-06-17 21:12:37,854] {logging_mixin.py:104} INFO - Running <TaskInstance: task_flow_api_v3.greet 2023-06-16T00:00:00+00:00 [running]> on host 7a0b2641fd5a
[2023-06-17 21:12:37,917] {taskinstance.py:1257} INFO - Exporting the following env vars:
AIRFLOW_CTX_DAG_OWNER=Servin
AIRFLOW_CTX_DAG_ID=task_flow_api_v3
AIRFLOW_CTX_TASK_ID=greet
AIRFLOW_CTX_EXECUTION_DATE=2023-06-16T00:00:00+00:00
AIRFLOW_CTX_DAG_RUN_ID=scheduled__2023-06-16T00:00:00+00:00
[2023-06-17 21:12:37,920] {logging_mixin.py:104} INFO - Hello world, my name is None None and I am 19 years old!
[2023-06-17 21:12:37,932] {taskinstance.py:1166} INFO - Marking task as SUCCESS. dag_id=task_flow_api_v3, task_id=greet, execution_date=20230616T000000, start_date=20230617T211237, end_date=20230617T211237
[2023-06-17 21:12:37,958] {taskinstance.py:1220} INFO - 0 downstream tasks scheduled from follow-on schedule check
[2023-06-17 21:12:37,976] {local_task_job.py:146} INFO - Task exited with return code 0
