[2023-06-17 21:06:32,410] {taskinstance.py:851} INFO - Dependencies all met for <TaskInstance: task_flow_api_v2._get_age 2023-06-16T00:00:00+00:00 [queued]>
[2023-06-17 21:06:32,425] {taskinstance.py:851} INFO - Dependencies all met for <TaskInstance: task_flow_api_v2._get_age 2023-06-16T00:00:00+00:00 [queued]>
[2023-06-17 21:06:32,427] {taskinstance.py:1042} INFO - 
--------------------------------------------------------------------------------
[2023-06-17 21:06:32,428] {taskinstance.py:1043} INFO - Starting attempt 1 of 1
[2023-06-17 21:06:32,429] {taskinstance.py:1044} INFO - 
--------------------------------------------------------------------------------
[2023-06-17 21:06:32,437] {taskinstance.py:1063} INFO - Executing <Task(_PythonDecoratedOperator): _get_age> on 2023-06-16T00:00:00+00:00
[2023-06-17 21:06:32,441] {standard_task_runner.py:52} INFO - Started process 2333 to run task
[2023-06-17 21:06:32,447] {standard_task_runner.py:76} INFO - Running: ['airflow', 'tasks', 'run', 'task_flow_api_v2', '_get_age', '2023-06-16T00:00:00+00:00', '--job-id', '15', '--pool', 'default_pool', '--raw', '--subdir', 'DAGS_FOLDER/dag_with_taskflow_api.py', '--cfg-path', '/tmp/tmpvwz_ljq_', '--error-file', '/tmp/tmpa9p9v9mc']
[2023-06-17 21:06:32,453] {standard_task_runner.py:77} INFO - Job 15: Subtask _get_age
[2023-06-17 21:06:32,549] {logging_mixin.py:104} INFO - Running <TaskInstance: task_flow_api_v2._get_age 2023-06-16T00:00:00+00:00 [running]> on host 7a0b2641fd5a
[2023-06-17 21:06:32,614] {taskinstance.py:1257} INFO - Exporting the following env vars:
AIRFLOW_CTX_DAG_OWNER=Servin
AIRFLOW_CTX_DAG_ID=task_flow_api_v2
AIRFLOW_CTX_TASK_ID=_get_age
AIRFLOW_CTX_EXECUTION_DATE=2023-06-16T00:00:00+00:00
AIRFLOW_CTX_DAG_RUN_ID=scheduled__2023-06-16T00:00:00+00:00
[2023-06-17 21:06:32,648] {taskinstance.py:1166} INFO - Marking task as SUCCESS. dag_id=task_flow_api_v2, task_id=_get_age, execution_date=20230616T000000, start_date=20230617T210632, end_date=20230617T210632
[2023-06-17 21:06:32,696] {taskinstance.py:1220} INFO - 0 downstream tasks scheduled from follow-on schedule check
[2023-06-17 21:06:32,740] {local_task_job.py:146} INFO - Task exited with return code 0
[2023-06-17 21:19:03,381] {taskinstance.py:851} INFO - Dependencies all met for <TaskInstance: task_flow_api_v2._get_age 2023-06-16T00:00:00+00:00 [queued]>
[2023-06-17 21:19:03,405] {taskinstance.py:851} INFO - Dependencies all met for <TaskInstance: task_flow_api_v2._get_age 2023-06-16T00:00:00+00:00 [queued]>
[2023-06-17 21:19:03,407] {taskinstance.py:1042} INFO - 
--------------------------------------------------------------------------------
[2023-06-17 21:19:03,409] {taskinstance.py:1043} INFO - Starting attempt 1 of 1
[2023-06-17 21:19:03,410] {taskinstance.py:1044} INFO - 
--------------------------------------------------------------------------------
[2023-06-17 21:19:03,422] {taskinstance.py:1063} INFO - Executing <Task(_PythonDecoratedOperator): _get_age> on 2023-06-16T00:00:00+00:00
[2023-06-17 21:19:03,429] {standard_task_runner.py:52} INFO - Started process 3467 to run task
[2023-06-17 21:19:03,435] {standard_task_runner.py:76} INFO - Running: ['airflow', 'tasks', 'run', 'task_flow_api_v2', '_get_age', '2023-06-16T00:00:00+00:00', '--job-id', '28', '--pool', 'default_pool', '--raw', '--subdir', 'DAGS_FOLDER/dag_with_taskflow_api.py', '--cfg-path', '/tmp/tmp4onebn5x', '--error-file', '/tmp/tmpy2lames7']
[2023-06-17 21:19:03,440] {standard_task_runner.py:77} INFO - Job 28: Subtask _get_age
[2023-06-17 21:19:03,504] {logging_mixin.py:104} INFO - Running <TaskInstance: task_flow_api_v2._get_age 2023-06-16T00:00:00+00:00 [running]> on host 7a0b2641fd5a
[2023-06-17 21:19:03,557] {taskinstance.py:1257} INFO - Exporting the following env vars:
AIRFLOW_CTX_DAG_OWNER=Servin
AIRFLOW_CTX_DAG_ID=task_flow_api_v2
AIRFLOW_CTX_TASK_ID=_get_age
AIRFLOW_CTX_EXECUTION_DATE=2023-06-16T00:00:00+00:00
AIRFLOW_CTX_DAG_RUN_ID=scheduled__2023-06-16T00:00:00+00:00
[2023-06-17 21:19:03,589] {taskinstance.py:1166} INFO - Marking task as SUCCESS. dag_id=task_flow_api_v2, task_id=_get_age, execution_date=20230616T000000, start_date=20230617T211903, end_date=20230617T211903
[2023-06-17 21:19:03,630] {taskinstance.py:1220} INFO - 0 downstream tasks scheduled from follow-on schedule check
[2023-06-17 21:19:03,648] {local_task_job.py:146} INFO - Task exited with return code 0
