[2023-06-17 21:07:31,980] {taskinstance.py:851} INFO - Dependencies all met for <TaskInstance: task_flow_api_v2._get_age 2023-06-16T00:00:00+00:00 [queued]>
[2023-06-17 21:07:31,996] {taskinstance.py:851} INFO - Dependencies all met for <TaskInstance: task_flow_api_v2._get_age 2023-06-16T00:00:00+00:00 [queued]>
[2023-06-17 21:07:31,997] {taskinstance.py:1042} INFO - 
--------------------------------------------------------------------------------
[2023-06-17 21:07:31,998] {taskinstance.py:1043} INFO - Starting attempt 2 of 2
[2023-06-17 21:07:31,999] {taskinstance.py:1044} INFO - 
--------------------------------------------------------------------------------
[2023-06-17 21:07:32,011] {taskinstance.py:1063} INFO - Executing <Task(_PythonDecoratedOperator): _get_age> on 2023-06-16T00:00:00+00:00
[2023-06-17 21:07:32,018] {standard_task_runner.py:52} INFO - Started process 2430 to run task
[2023-06-17 21:07:32,024] {standard_task_runner.py:76} INFO - Running: ['airflow', 'tasks', 'run', 'task_flow_api_v2', '_get_age', '2023-06-16T00:00:00+00:00', '--job-id', '18', '--pool', 'default_pool', '--raw', '--subdir', 'DAGS_FOLDER/dag_with_taskflow_api.py', '--cfg-path', '/tmp/tmpr040agzg', '--error-file', '/tmp/tmp8h7tbztk']
[2023-06-17 21:07:32,028] {standard_task_runner.py:77} INFO - Job 18: Subtask _get_age
[2023-06-17 21:07:32,089] {logging_mixin.py:104} INFO - Running <TaskInstance: task_flow_api_v2._get_age 2023-06-16T00:00:00+00:00 [running]> on host 7a0b2641fd5a
[2023-06-17 21:07:32,152] {taskinstance.py:1257} INFO - Exporting the following env vars:
AIRFLOW_CTX_DAG_OWNER=Servin
AIRFLOW_CTX_DAG_ID=task_flow_api_v2
AIRFLOW_CTX_TASK_ID=_get_age
AIRFLOW_CTX_EXECUTION_DATE=2023-06-16T00:00:00+00:00
AIRFLOW_CTX_DAG_RUN_ID=scheduled__2023-06-16T00:00:00+00:00
[2023-06-17 21:07:32,182] {taskinstance.py:1166} INFO - Marking task as SUCCESS. dag_id=task_flow_api_v2, task_id=_get_age, execution_date=20230616T000000, start_date=20230617T210731, end_date=20230617T210732
[2023-06-17 21:07:32,215] {taskinstance.py:1220} INFO - 1 downstream tasks scheduled from follow-on schedule check
[2023-06-17 21:07:32,237] {local_task_job.py:146} INFO - Task exited with return code 0
