[2023-06-17 20:49:49,667] {taskinstance.py:851} INFO - Dependencies all met for <TaskInstance: task_flow_api._get_age__1 2023-06-16T00:00:00+00:00 [queued]>
[2023-06-17 20:49:49,683] {taskinstance.py:851} INFO - Dependencies all met for <TaskInstance: task_flow_api._get_age__1 2023-06-16T00:00:00+00:00 [queued]>
[2023-06-17 20:49:49,685] {taskinstance.py:1042} INFO - 
--------------------------------------------------------------------------------
[2023-06-17 20:49:49,686] {taskinstance.py:1043} INFO - Starting attempt 1 of 1
[2023-06-17 20:49:49,687] {taskinstance.py:1044} INFO - 
--------------------------------------------------------------------------------
[2023-06-17 20:49:49,695] {taskinstance.py:1063} INFO - Executing <Task(_PythonDecoratedOperator): _get_age__1> on 2023-06-16T00:00:00+00:00
[2023-06-17 20:49:49,699] {standard_task_runner.py:52} INFO - Started process 823 to run task
[2023-06-17 20:49:49,704] {standard_task_runner.py:76} INFO - Running: ['airflow', 'tasks', 'run', 'task_flow_api', '_get_age__1', '2023-06-16T00:00:00+00:00', '--job-id', '3', '--pool', 'default_pool', '--raw', '--subdir', 'DAGS_FOLDER/dag_with_taskflow_api.py', '--cfg-path', '/tmp/tmpzfoutmra', '--error-file', '/tmp/tmpdo59tpwt']
[2023-06-17 20:49:49,708] {standard_task_runner.py:77} INFO - Job 3: Subtask _get_age__1
[2023-06-17 20:49:49,762] {logging_mixin.py:104} INFO - Running <TaskInstance: task_flow_api._get_age__1 2023-06-16T00:00:00+00:00 [running]> on host 7a0b2641fd5a
[2023-06-17 20:49:49,811] {taskinstance.py:1257} INFO - Exporting the following env vars:
AIRFLOW_CTX_DAG_OWNER=Servin
AIRFLOW_CTX_DAG_ID=task_flow_api
AIRFLOW_CTX_TASK_ID=_get_age__1
AIRFLOW_CTX_EXECUTION_DATE=2023-06-16T00:00:00+00:00
AIRFLOW_CTX_DAG_RUN_ID=scheduled__2023-06-16T00:00:00+00:00
[2023-06-17 20:49:49,838] {taskinstance.py:1166} INFO - Marking task as SUCCESS. dag_id=task_flow_api, task_id=_get_age__1, execution_date=20230616T000000, start_date=20230617T204949, end_date=20230617T204949
[2023-06-17 20:49:49,867] {taskinstance.py:1220} INFO - 1 downstream tasks scheduled from follow-on schedule check
[2023-06-17 20:49:49,876] {local_task_job.py:146} INFO - Task exited with return code 0
