[2023-06-15 16:38:20,826] {taskinstance.py:851} INFO - Dependencies all met for <TaskInstance: python_dag_v6.Greet_with_Python 2023-06-14T00:00:00+00:00 [queued]>
[2023-06-15 16:38:20,835] {taskinstance.py:851} INFO - Dependencies all met for <TaskInstance: python_dag_v6.Greet_with_Python 2023-06-14T00:00:00+00:00 [queued]>
[2023-06-15 16:38:20,835] {taskinstance.py:1042} INFO - 
--------------------------------------------------------------------------------
[2023-06-15 16:38:20,836] {taskinstance.py:1043} INFO - Starting attempt 2 of 2
[2023-06-15 16:38:20,837] {taskinstance.py:1044} INFO - 
--------------------------------------------------------------------------------
[2023-06-15 16:38:20,848] {taskinstance.py:1063} INFO - Executing <Task(PythonOperator): Greet_with_Python> on 2023-06-14T00:00:00+00:00
[2023-06-15 16:38:20,851] {standard_task_runner.py:52} INFO - Started process 4491 to run task
[2023-06-15 16:38:20,855] {standard_task_runner.py:76} INFO - Running: ['airflow', 'tasks', 'run', 'python_dag_v6', 'Greet_with_Python', '2023-06-14T00:00:00+00:00', '--job-id', '17', '--pool', 'default_pool', '--raw', '--subdir', 'DAGS_FOLDER/python_operator_dag.py', '--cfg-path', '/tmp/tmphmmovxmk', '--error-file', '/tmp/tmpfd3rla0f']
[2023-06-15 16:38:20,860] {standard_task_runner.py:77} INFO - Job 17: Subtask Greet_with_Python
[2023-06-15 16:38:20,909] {logging_mixin.py:104} INFO - Running <TaskInstance: python_dag_v6.Greet_with_Python 2023-06-14T00:00:00+00:00 [running]> on host 76163bdcc9dc
[2023-06-15 16:38:20,948] {taskinstance.py:1257} INFO - Exporting the following env vars:
AIRFLOW_CTX_DAG_OWNER=Servin
AIRFLOW_CTX_DAG_ID=python_dag_v6
AIRFLOW_CTX_TASK_ID=Greet_with_Python
AIRFLOW_CTX_EXECUTION_DATE=2023-06-14T00:00:00+00:00
AIRFLOW_CTX_DAG_RUN_ID=scheduled__2023-06-14T00:00:00+00:00
[2023-06-15 16:38:20,971] {logging_mixin.py:104} INFO - Hello, my name is Baker Servin, I am 10 years old!
[2023-06-15 16:38:20,972] {python.py:118} INFO - Done. Returned value was: None
[2023-06-15 16:38:20,982] {taskinstance.py:1166} INFO - Marking task as SUCCESS. dag_id=python_dag_v6, task_id=Greet_with_Python, execution_date=20230614T000000, start_date=20230615T163820, end_date=20230615T163820
[2023-06-15 16:38:21,005] {taskinstance.py:1220} INFO - 0 downstream tasks scheduled from follow-on schedule check
[2023-06-15 16:38:21,027] {local_task_job.py:146} INFO - Task exited with return code 0
