[2023-06-17 21:05:18,890] {taskinstance.py:851} INFO - Dependencies all met for <TaskInstance: task_flow_api._get_age 2023-06-16T00:00:00+00:00 [queued]>
[2023-06-17 21:05:18,914] {taskinstance.py:851} INFO - Dependencies all met for <TaskInstance: task_flow_api._get_age 2023-06-16T00:00:00+00:00 [queued]>
[2023-06-17 21:05:18,916] {taskinstance.py:1042} INFO - 
--------------------------------------------------------------------------------
[2023-06-17 21:05:18,918] {taskinstance.py:1043} INFO - Starting attempt 4 of 4
[2023-06-17 21:05:18,919] {taskinstance.py:1044} INFO - 
--------------------------------------------------------------------------------
[2023-06-17 21:05:18,928] {taskinstance.py:1063} INFO - Executing <Task(_PythonDecoratedOperator): _get_age> on 2023-06-16T00:00:00+00:00
[2023-06-17 21:05:18,933] {standard_task_runner.py:52} INFO - Started process 2222 to run task
[2023-06-17 21:05:18,940] {standard_task_runner.py:76} INFO - Running: ['airflow', 'tasks', 'run', 'task_flow_api', '_get_age', '2023-06-16T00:00:00+00:00', '--job-id', '12', '--pool', 'default_pool', '--raw', '--subdir', 'DAGS_FOLDER/dag_with_taskflow_api.py', '--cfg-path', '/tmp/tmp92bqu4w8', '--error-file', '/tmp/tmp75l740k6']
[2023-06-17 21:05:18,945] {standard_task_runner.py:77} INFO - Job 12: Subtask _get_age
[2023-06-17 21:05:19,004] {logging_mixin.py:104} INFO - Running <TaskInstance: task_flow_api._get_age 2023-06-16T00:00:00+00:00 [running]> on host 7a0b2641fd5a
[2023-06-17 21:05:19,051] {taskinstance.py:1257} INFO - Exporting the following env vars:
AIRFLOW_CTX_DAG_OWNER=Servin
AIRFLOW_CTX_DAG_ID=task_flow_api
AIRFLOW_CTX_TASK_ID=_get_age
AIRFLOW_CTX_EXECUTION_DATE=2023-06-16T00:00:00+00:00
AIRFLOW_CTX_DAG_RUN_ID=scheduled__2023-06-16T00:00:00+00:00
[2023-06-17 21:05:19,078] {taskinstance.py:1166} INFO - Marking task as SUCCESS. dag_id=task_flow_api, task_id=_get_age, execution_date=20230616T000000, start_date=20230617T210518, end_date=20230617T210519
[2023-06-17 21:05:19,115] {taskinstance.py:1220} INFO - 0 downstream tasks scheduled from follow-on schedule check
[2023-06-17 21:05:19,153] {local_task_job.py:146} INFO - Task exited with return code 0
