[2023-06-17 21:12:36,689] {taskinstance.py:851} INFO - Dependencies all met for <TaskInstance: task_flow_api_v3._get_name 2023-06-16T00:00:00+00:00 [queued]>
[2023-06-17 21:12:36,703] {taskinstance.py:851} INFO - Dependencies all met for <TaskInstance: task_flow_api_v3._get_name 2023-06-16T00:00:00+00:00 [queued]>
[2023-06-17 21:12:36,705] {taskinstance.py:1042} INFO - 
--------------------------------------------------------------------------------
[2023-06-17 21:12:36,706] {taskinstance.py:1043} INFO - Starting attempt 1 of 1
[2023-06-17 21:12:36,707] {taskinstance.py:1044} INFO - 
--------------------------------------------------------------------------------
[2023-06-17 21:12:36,715] {taskinstance.py:1063} INFO - Executing <Task(_PythonDecoratedOperator): _get_name> on 2023-06-16T00:00:00+00:00
[2023-06-17 21:12:36,718] {standard_task_runner.py:52} INFO - Started process 2886 to run task
[2023-06-17 21:12:36,722] {standard_task_runner.py:76} INFO - Running: ['airflow', 'tasks', 'run', 'task_flow_api_v3', '_get_name', '2023-06-16T00:00:00+00:00', '--job-id', '22', '--pool', 'default_pool', '--raw', '--subdir', 'DAGS_FOLDER/dag_with_taskflow_api.py', '--cfg-path', '/tmp/tmpd_hx8byy', '--error-file', '/tmp/tmpn3aq5t97']
[2023-06-17 21:12:36,726] {standard_task_runner.py:77} INFO - Job 22: Subtask _get_name
[2023-06-17 21:12:36,776] {logging_mixin.py:104} INFO - Running <TaskInstance: task_flow_api_v3._get_name 2023-06-16T00:00:00+00:00 [running]> on host 7a0b2641fd5a
[2023-06-17 21:12:36,817] {taskinstance.py:1257} INFO - Exporting the following env vars:
AIRFLOW_CTX_DAG_OWNER=Servin
AIRFLOW_CTX_DAG_ID=task_flow_api_v3
AIRFLOW_CTX_TASK_ID=_get_name
AIRFLOW_CTX_EXECUTION_DATE=2023-06-16T00:00:00+00:00
AIRFLOW_CTX_DAG_RUN_ID=scheduled__2023-06-16T00:00:00+00:00
[2023-06-17 21:12:36,844] {taskinstance.py:1166} INFO - Marking task as SUCCESS. dag_id=task_flow_api_v3, task_id=_get_name, execution_date=20230616T000000, start_date=20230617T211236, end_date=20230617T211236
[2023-06-17 21:12:36,877] {taskinstance.py:1220} INFO - 1 downstream tasks scheduled from follow-on schedule check
[2023-06-17 21:12:36,895] {local_task_job.py:146} INFO - Task exited with return code 0
